<?xml version="1.0" encoding="UTF-8"?>
<!-- Generated by org.testng.reporters.JUnitReportReporter -->
<testsuite hostname="01HW1889862" failures="0" tests="1" name="Package.Document_Negative" time="9.147" errors="0" timestamp="2023-11-07T12:03:36 IST" skipped="0">
  <testcase classname="Package.Document_Negative" name="Document_Negative" time="9.147"/>
</testsuite> <!-- Package.Document_Negative -->
