<?xml version="1.0" encoding="UTF-8"?>
<!-- Generated by org.testng.reporters.JUnitReportReporter -->
<testsuite hostname="01HW1889862" failures="0" tests="1" name="Package.module_docBulk_upload" time="1.611" errors="0" timestamp="2023-11-02T16:43:20 IST" skipped="0">
  <testcase classname="Package.module_docBulk_upload" name="module_docBulk_upload" time="1.611"/>
</testsuite> <!-- Package.module_docBulk_upload -->
