<?xml version="1.0" encoding="UTF-8"?>
<!-- Generated by org.testng.reporters.JUnitReportReporter -->
<testsuite hostname="01HW1889862" failures="0" tests="2" name="Package.testng$test" time="0.012" errors="0" timestamp="2023-11-14T14:53:48 IST" skipped="1">
  <testcase classname="Package.testng$test" name="test2" time="0.012"/>
  <testcase classname="Package.testng$test" name="test1">
    <skipped/>
  </testcase> <!-- test1 -->
</testsuite> <!-- Package.testng$test -->
