<?xml version="1.0" encoding="UTF-8"?>
<!-- Generated by org.testng.reporters.JUnitReportReporter -->
<testsuite hostname="01HW1889862" failures="0" tests="1" name="Package.review_module" time="41.245" errors="0" timestamp="2023-11-13T17:16:34 IST" skipped="0">
  <testcase classname="Package.review_module" name="review_module" time="41.245"/>
</testsuite> <!-- Package.review_module -->
