<?xml version="1.0" encoding="UTF-8"?>
<!-- Generated by org.testng.reporters.JUnitReportReporter -->
<testsuite hostname="01HW1889862" failures="0" tests="1" name="Package.Search_module" time="22.281" errors="0" timestamp="2023-11-13T18:20:17 IST" skipped="0">
  <testcase classname="Package.Search_module" name="Login" time="22.281"/>
</testsuite> <!-- Package.Search_module -->
