<?xml version="1.0" encoding="UTF-8"?>
<!-- Generated by org.testng.reporters.JUnitReportReporter -->
<testsuite hostname="01HW1889862" failures="0" tests="2" name="src.javaPackage.example_testng" time="0.005" errors="0" timestamp="2023-11-28T11:53:13 IST" skipped="0">
  <testcase classname="src.javaPackage.example_testng" name="testCase1" time="0.002"/>
  <testcase classname="src.javaPackage.example_testng" name="testCase2" time="0.003"/>
</testsuite> <!-- src.javaPackage.example_testng -->
