<?xml version="1.0" encoding="UTF-8"?>
<!-- Generated by org.testng.reporters.JUnitReportReporter -->
<testsuite hostname="01HW1889862" failures="0" tests="2" name="Package.tag_module" time="25.927" errors="0" timestamp="2023-11-16T13:35:36 IST" skipped="0">
  <testcase classname="Package.tag_module" name="module_tag_pending" time="19.872"/>
  <testcase classname="Package.tag_module" name="module_tag_active" time="6.055"/>
</testsuite> <!-- Package.tag_module -->
