<?xml version="1.0" encoding="UTF-8"?>
<!-- Generated by org.testng.reporters.JUnitReportReporter -->
<testsuite hostname="01HW1889862" failures="0" tests="1" name="Package.profile_signOut" time="6.017" errors="0" timestamp="2023-11-15T16:18:02 IST" skipped="0">
  <testcase classname="Package.profile_signOut" name="review_module_ChangePassword" time="6.017"/>
</testsuite> <!-- Package.profile_signOut -->
