<?xml version="1.0" encoding="UTF-8"?>
<!-- Generated by org.testng.reporters.JUnitReportReporter -->
<testsuite hostname="01HW1889862" failures="0" tests="1" name="src.javaPackage.document_module" time="17.830" errors="0" timestamp="2023-12-11T11:45:56 IST" skipped="0">
  <testcase classname="src.javaPackage.document_module" name="Document_module" time="17.830"/>
</testsuite> <!-- src.javaPackage.document_module -->
