<?xml version="1.0" encoding="UTF-8"?>
<!-- Generated by org.testng.reporters.JUnitReportReporter -->
<testsuite hostname="01HW1889862" failures="0" tests="1" name="Package.Login" time="34.947" errors="0" timestamp="2023-11-14T11:48:11 IST" skipped="0">
  <testcase classname="Package.Login" name="Login" time="34.947"/>
</testsuite> <!-- Package.Login -->
