<?xml version="1.0" encoding="UTF-8"?>
<!-- Generated by org.testng.reporters.JUnitReportReporter -->
<testsuite hostname="01HW1889862" failures="0" tests="3" name="Package.multi_login" time="21.587" errors="0" timestamp="2023-11-15T12:58:50 IST" skipped="0">
  <testcase classname="Package.multi_login" name="review_module" time="9.527"/>
  <testcase classname="Package.multi_login" name="review_module_update" time="7.912"/>
  <testcase classname="Package.multi_login" name="Signout" time="4.148"/>
</testsuite> <!-- Package.multi_login -->
