<?xml version="1.0" encoding="UTF-8"?>
<!-- Generated by org.testng.reporters.JUnitReportReporter -->
<testsuite hostname="01HW1889862" failures="0" tests="3" name="src.javaPackage.tag_module" time="38.774" errors="0" timestamp="2023-12-07T14:05:10 IST" skipped="1">
  <testcase classname="src.javaPackage.tag_module" name="tag_click" time="25.957"/>
  <testcase classname="src.javaPackage.tag_module" name="module_tag_active" time="12.817"/>
  <testcase classname="src.javaPackage.tag_module" name="module_tag_pending">
    <skipped/>
  </testcase> <!-- module_tag_pending -->
</testsuite> <!-- src.javaPackage.tag_module -->
